app/build/intermediates/manifest_merge_blame_file/debug/manifest-merger-blame-debug-report.txt
1<?xml version="1.0" encoding="utf-8"?>
2<manifest xmlns:android="http://schemas.android.com/apk/res/android"
3    package="com.koreait.frist"
4    android:versionCode="1"
5    android:versionName="1.0" >
6
7    <uses-sdk
8        android:minSdkVersion="21"
8-->src\main\AndroidManifest.xml
9        android:targetSdkVersion="31" />
9-->src\main\AndroidManifest.xml
10
11    <application
11-->src\main\AndroidManifest.xml:5:5-42:19
12        android:allowBackup="true"
12-->src\main\AndroidManifest.xml:6:9-35
13        android:appComponentFactory="androidx.core.app.CoreComponentFactory"
13-->[androidx.core:core:1.3.1] AndroidManifest.xml:24:18-86
14        android:debuggable="true"
15        android:icon="@mipmap/ic_launcher"
15-->src\main\AndroidManifest.xml:7:9-43
16        android:label="@string/app_name"
16-->src\main\AndroidManifest.xml:8:9-41
17        android:roundIcon="@mipmap/ic_launcher_round"
17-->src\main\AndroidManifest.xml:9:9-54
18        android:supportsRtl="true"
18-->src\main\AndroidManifest.xml:10:9-35
19        android:testOnly="true"
20        android:theme="@style/Theme.Frist" >
20-->src\main\AndroidManifest.xml:11:9-43
21        <activity
21-->src\main\AndroidManifest.xml:12:9-14:40
22            android:name="com.koreait.frist.ch07.BookPersonActivity"
22-->src\main\AndroidManifest.xml:13:13-52
23            android:exported="false" />
23-->src\main\AndroidManifest.xml:14:13-37
24        <activity
24-->src\main\AndroidManifest.xml:15:9-17:40
25            android:name="com.koreait.frist.MyWriteActivity"
25-->src\main\AndroidManifest.xml:16:13-44
26            android:exported="false" />
26-->src\main\AndroidManifest.xml:17:13-37
27        <activity
27-->src\main\AndroidManifest.xml:18:9-20:40
28            android:name="com.koreait.frist.WriteActivity"
28-->src\main\AndroidManifest.xml:19:13-42
29            android:exported="false" />
29-->src\main\AndroidManifest.xml:20:13-37
30        <activity
30-->src\main\AndroidManifest.xml:21:9-32:20
31            android:name="com.koreait.frist.MenuActivity"
31-->src\main\AndroidManifest.xml:22:13-41
32            android:exported="true" >
32-->src\main\AndroidManifest.xml:23:13-36
33            <intent-filter>
33-->src\main\AndroidManifest.xml:24:13-28:29
34                <action android:name="android.intent.action.MAIN" />
34-->src\main\AndroidManifest.xml:25:17-69
34-->src\main\AndroidManifest.xml:25:25-66
35
36                <category android:name="android.intent.category.LAUNCHER" />
36-->src\main\AndroidManifest.xml:27:17-77
36-->src\main\AndroidManifest.xml:27:27-74
37            </intent-filter>
38            <intent-filter>
38-->src\main\AndroidManifest.xml:29:13-31:29
39                <action android:name="android.intent.action.VIEW" />
39-->src\main\AndroidManifest.xml:30:17-69
39-->src\main\AndroidManifest.xml:30:25-66
40            </intent-filter>
41        </activity>
42        <activity
42-->src\main\AndroidManifest.xml:33:9-35:39
43            android:name="com.koreait.frist.ConstraintActivity"
43-->src\main\AndroidManifest.xml:34:13-47
44            android:exported="true" />
44-->src\main\AndroidManifest.xml:35:13-36
45        <activity
45-->src\main\AndroidManifest.xml:36:9-38:39
46            android:name="com.koreait.frist.LinearActivity"
46-->src\main\AndroidManifest.xml:37:13-43
47            android:exported="true" />
47-->src\main\AndroidManifest.xml:38:13-36
48        <activity
48-->src\main\AndroidManifest.xml:39:9-41:39
49            android:name="com.koreait.frist.MainActivity"
49-->src\main\AndroidManifest.xml:40:13-41
50            android:exported="true" />
50-->src\main\AndroidManifest.xml:41:13-36
51    </application>
52
53</manifest>